2025-12-03 11:47:53,907 - INFO - Provisioning script started \U0001f680
2025-12-03 11:48:04,276 - INFO - Machine created: miky | OS=windows, CPU=core i9, RAM=32GB
2025-12-03 11:48:04,277 - INFO - Running install script: C:\Users\maorm2\DevOpsProject\src\scripts\install_service_nginx.sh
2025-12-03 11:48:04,281 - ERROR - Script file not found
Traceback (most recent call last):
  File "C:\Users\maorm2\DevOpsProject\src\installer_def.py", line 15, in run_install_script
    result = subprocess.run(
        ["bash", script_path],
        capture_output=True,
        text=True
    )
  File "C:\Program Files\WindowsApps\PythonSoftwareFoundation.Python.3.13_3.13.2544.0_x64__qbz5n2kfra8p0\Lib\subprocess.py", line 554, in run
    with Popen(*popenargs, **kwargs) as process:
         ~~~~~^^^^^^^^^^^^^^^^^^^^^^
  File "C:\Program Files\WindowsApps\PythonSoftwareFoundation.Python.3.13_3.13.2544.0_x64__qbz5n2kfra8p0\Lib\subprocess.py", line 1039, in __init__
    self._execute_child(args, executable, preexec_fn, close_fds,
    ~~~~~~~~~~~~~~~~~~~^^^^^^^^^^^^^^^^^^^^^^^^^^^^^^^^^^^^^^^^^
                        pass_fds, cwd, env,
                        ^^^^^^^^^^^^^^^^^^^
    ...<5 lines>...
                        gid, gids, uid, umask,
                        ^^^^^^^^^^^^^^^^^^^^^^
                        start_new_session, process_group)
                        ^^^^^^^^^^^^^^^^^^^^^^^^^^^^^^^^^
  File "C:\Program Files\WindowsApps\PythonSoftwareFoundation.Python.3.13_3.13.2544.0_x64__qbz5n2kfra8p0\Lib\subprocess.py", line 1554, in _execute_child
    hp, ht, pid, tid = _winapi.CreateProcess(executable, args,
                       ~~~~~~~~~~~~~~~~~~~~~^^^^^^^^^^^^^^^^^^
                             # no special security
                             ^^^^^^^^^^^^^^^^^^^^^
    ...<4 lines>...
                             cwd,
                             ^^^^
                             startupinfo)
                             ^^^^^^^^^^^^
  File "c:\Users\maorm2\.vscode\extensions\ms-python.debugpy-2025.16.0-win32-x64\bundled\libs\debugpy\_vendored\pydevd\_pydev_bundle\pydev_monkey.py", line 911, in new_CreateProcess
    return getattr(_subprocess, original_name)(app_name, cmd_line, *args)
           ~~~~~~~~~~~~~~~~~~~~~~~~~~~~~~~~~~~^^^^^^^^^^^^^^^^^^^^^^^^^^^
FileNotFoundError: [WinError 2] The system cannot find the file specified
2025-12-03 11:48:04,285 - INFO - User input: name=miky, os=windows, cpu=core i9, ram=32Gb
