2025-12-03 13:59:12,739 - INFO - Provisioning script started 🚀
2025-12-03 13:59:12,739 - INFO - Collecting machine input from user...
2025-12-07 12:32:35,540 - INFO - Collecting machine input from user...
2025-12-07 12:33:52,081 - INFO - Collecting machine input from user...
2025-12-07 12:34:59,137 - INFO - Provisioning script started
2025-12-07 12:34:59,138 - INFO - Collecting machine input from user...
2025-12-07 12:35:13,704 - INFO - Machine 'michael' added successfully.
2025-12-07 12:35:15,519 - INFO - User finished entering machines.
2025-12-07 12:35:15,519 - INFO - Saving instances to JSON file...
2025-12-07 12:35:15,521 - INFO - JSON saved successfully.
2025-12-07 12:35:15,521 - INFO - Starting NGINX installation script...
2025-12-07 12:35:15,525 - INFO - NGINX installation script finished.
2025-12-07 12:38:02,140 - INFO - Provisioning script started
2025-12-07 12:38:02,140 - INFO - Collecting machine input from user...
2025-12-07 12:38:11,410 - INFO - Machine 'michael' added successfully.
2025-12-07 12:38:12,807 - INFO - User finished entering machines.
2025-12-07 12:38:12,807 - INFO - Saving instances to JSON file...
2025-12-07 12:38:12,808 - INFO - JSON saved successfully.
2025-12-07 12:38:12,808 - INFO - Starting NGINX installation script...
2025-12-07 12:38:12,812 - INFO - NGINX installation script finished.
2025-12-07 12:40:07,162 - INFO - Provisioning script started
2025-12-07 12:40:07,162 - INFO - Collecting machine input from user...
2025-12-07 12:40:11,883 - ERROR - User entered INVALID INPUT.
2025-12-07 12:40:15,043 - INFO - User finished entering machines.
2025-12-07 12:40:15,043 - INFO - Saving instances to JSON file...
2025-12-07 12:40:15,044 - INFO - JSON saved successfully.
2025-12-07 12:40:15,045 - INFO - Starting NGINX installation script...
2025-12-07 12:40:15,048 - INFO - NGINX installation script finished.
2025-12-07 12:40:15,048 - INFO - Provisioning script finished successfully 
2025-12-07 12:42:44,279 - INFO - Provisioning script started
2025-12-07 12:42:44,279 - INFO - Collecting machine input from user...
2025-12-07 12:42:47,894 - ERROR - User entered INVALID INPUT.
2025-12-07 12:42:49,658 - INFO - User finished entering machines.
2025-12-07 12:42:49,658 - INFO - Saving instances to JSON file...
2025-12-07 12:42:49,659 - INFO - JSON saved successfully.
2025-12-07 12:45:46,821 - INFO - Provisioning script started
2025-12-07 12:45:46,821 - INFO - Collecting machine input from user...
2025-12-07 12:45:53,628 - INFO - Machine 'michael' added successfully.
2025-12-07 12:45:56,202 - INFO - User finished entering machines.
2025-12-07 12:45:56,202 - INFO - Saving instances to JSON file...
2025-12-07 12:45:56,204 - INFO - JSON saved successfully.
2025-12-07 12:45:56,204 - INFO - Starting NGINX installation script...
2025-12-07 12:45:56,208 - INFO - NGINX installation script finished.
2025-12-07 12:45:56,208 - INFO - Provisioning script finished successfully 
2025-12-07 12:46:43,048 - INFO - Provisioning script started
2025-12-07 12:46:43,048 - INFO - Collecting machine input from user...
2025-12-07 12:46:50,930 - INFO - Machine 'michael' added successfully.
2025-12-07 12:46:58,402 - ERROR - User entered INVALID INPUT.
2025-12-07 12:47:00,428 - INFO - User finished entering machines.
2025-12-07 12:47:00,428 - INFO - Saving instances to JSON file...
2025-12-07 12:47:00,430 - INFO - JSON saved successfully.
2025-12-07 12:47:00,430 - INFO - Starting NGINX installation script...
2025-12-07 12:47:00,434 - INFO - NGINX installation script finished.
2025-12-07 12:47:00,435 - INFO - Provisioning script finished successfully 
2025-12-07 12:51:52,917 - INFO - Provisioning script started
2025-12-07 12:51:52,918 - INFO - Collecting machine input from user...
2025-12-07 12:52:05,920 - INFO - Machine 'michael' added successfully.
2025-12-07 12:52:11,097 - ERROR - User entered INVALID INPUT.
2025-12-07 12:52:12,841 - INFO - User finished entering machines.
2025-12-07 12:52:12,841 - INFO - Saving instances to JSON file...
2025-12-07 12:52:12,842 - INFO - JSON saved successfully.
2025-12-07 12:52:12,936 - INFO - Skipping installation script because OS is not Linux.
2025-12-07 12:52:12,936 - ERROR - NGINX installation failed or was skipped.
2025-12-07 12:52:24,413 - INFO - Provisioning script started
2025-12-07 12:52:24,413 - INFO - Collecting machine input from user...
2025-12-07 12:52:27,884 - ERROR - User entered INVALID INPUT.
2025-12-07 12:52:30,268 - INFO - User finished entering machines.
2025-12-07 12:52:30,268 - INFO - Saving instances to JSON file...
2025-12-07 12:52:30,271 - INFO - JSON saved successfully.
2025-12-07 12:52:30,337 - INFO - Skipping installation script because OS is not Linux.
2025-12-07 12:52:30,337 - ERROR - NGINX installation failed or was skipped.
2025-12-07 12:52:32,655 - INFO - Provisioning script started
2025-12-07 12:52:32,655 - INFO - Collecting machine input from user...
2025-12-07 12:52:42,927 - INFO - Machine 'michael' added successfully.
2025-12-07 12:52:44,390 - INFO - User finished entering machines.
2025-12-07 12:52:44,391 - INFO - Saving instances to JSON file...
2025-12-07 12:52:44,393 - INFO - JSON saved successfully.
2025-12-07 12:52:44,458 - INFO - Skipping installation script because OS is not Linux.
2025-12-07 12:52:44,458 - ERROR - NGINX installation failed or was skipped.
2025-12-07 12:54:36,926 - INFO - Provisioning script started
2025-12-07 12:54:36,926 - INFO - Collecting machine input from user...
2025-12-07 12:54:42,346 - ERROR - User entered INVALID INPUT.
2025-12-07 12:54:43,492 - INFO - User finished entering machines.
2025-12-07 12:54:43,493 - INFO - Saving instances to JSON file...
2025-12-07 12:54:43,495 - INFO - JSON saved successfully.
2025-12-07 12:54:43,572 - INFO - Skipping installation script because OS is not Linux.
2025-12-07 12:54:43,572 - ERROR - NGINX installation failed or was skipped.
2025-12-07 12:55:42,863 - INFO - Provisioning script started
2025-12-07 12:55:42,863 - INFO - Collecting machine input from user...
2025-12-07 12:55:50,310 - INFO - Machine 'kaki' added successfully.
2025-12-07 12:55:51,694 - INFO - User finished entering machines.
2025-12-07 12:55:51,694 - INFO - Saving instances to JSON file...
2025-12-07 12:55:51,696 - INFO - JSON saved successfully.
2025-12-07 12:55:51,771 - INFO - Skipping installation script because OS is not Linux.
2025-12-07 12:55:51,771 - ERROR - NGINX installation failed or was skipped.
2025-12-07 12:58:23,788 - INFO - Provisioning script started
2025-12-07 12:58:23,788 - INFO - Collecting machine input from user...
